[0.085s] DEBUG:colcon:Command line arguments: ['/usr/bin/colcon', 'build']
[0.085s] DEBUG:colcon:Parsed command line arguments: Namespace(log_base=None, log_level=None, verb_name='build', build_base='build', install_base='install', merge_install=False, symlink_install=False, test_result_base=None, continue_on_error=False, executor='parallel', parallel_workers=16, event_handlers=None, ignore_user_meta=False, metas=['./colcon.meta'], base_paths=['.'], packages_ignore=None, packages_ignore_regex=None, paths=None, packages_up_to=None, packages_up_to_regex=None, packages_above=None, packages_above_and_dependencies=None, packages_above_depth=None, packages_select_by_dep=None, packages_skip_by_dep=None, packages_skip_up_to=None, packages_select_build_failed=False, packages_skip_build_finished=False, packages_select_test_failures=False, packages_skip_test_passed=False, packages_select=None, packages_skip=None, packages_select_regex=None, packages_skip_regex=None, packages_start=None, packages_end=None, cmake_args=None, cmake_target=None, cmake_target_skip_unavailable=False, cmake_clean_cache=False, cmake_clean_first=False, cmake_force_configure=False, ament_cmake_args=None, catkin_cmake_args=None, catkin_skip_building_tests=False, mixin_files=None, mixin=None, verb_parser=<colcon_mixin.mixin.mixin_argument.MixinArgumentDecorator object at 0x736c097f9100>, verb_extension=<colcon_core.verb.build.BuildVerb object at 0x736c097f8e90>, main=<bound method BuildVerb.main of <colcon_core.verb.build.BuildVerb object at 0x736c097f8e90>>, mixin_verb=('build',))
[0.122s] Level 1:colcon.colcon_core.package_discovery:discover_packages(colcon_meta) check parameters
[0.122s] Level 1:colcon.colcon_core.package_discovery:discover_packages(recursive) check parameters
[0.122s] Level 1:colcon.colcon_core.package_discovery:discover_packages(ignore) check parameters
[0.122s] Level 1:colcon.colcon_core.package_discovery:discover_packages(path) check parameters
[0.123s] Level 1:colcon.colcon_core.package_discovery:discover_packages(colcon_meta) discover
[0.123s] Level 1:colcon.colcon_core.package_discovery:discover_packages(recursive) discover
[0.123s] INFO:colcon.colcon_core.package_discovery:Crawling recursively for packages in '/home/halgendy/Documents/programming/university/NULunabotics/Software/ROS2/src/website'
[0.123s] Level 1:colcon.colcon_core.package_identification:_identify(.) by extensions ['ignore', 'ignore_ament_install']
[0.123s] Level 1:colcon.colcon_core.package_identification:_identify(.) by extension 'ignore'
[0.123s] Level 1:colcon.colcon_core.package_identification:_identify(.) by extension 'ignore_ament_install'
[0.123s] Level 1:colcon.colcon_core.package_identification:_identify(.) by extensions ['colcon_pkg']
[0.123s] Level 1:colcon.colcon_core.package_identification:_identify(.) by extension 'colcon_pkg'
[0.123s] Level 1:colcon.colcon_core.package_identification:_identify(.) by extensions ['colcon_meta']
[0.123s] Level 1:colcon.colcon_core.package_identification:_identify(.) by extension 'colcon_meta'
[0.123s] Level 1:colcon.colcon_core.package_identification:_identify(.) by extensions ['ros']
[0.123s] Level 1:colcon.colcon_core.package_identification:_identify(.) by extension 'ros'
[0.149s] DEBUG:colcon.colcon_core.package_identification:Package '.' with type 'ros.ament_cmake' and name 'website'
[0.149s] Level 1:colcon.colcon_core.package_discovery:discover_packages(recursive) using defaults
[0.149s] Level 1:colcon.colcon_core.package_discovery:discover_packages(ignore) discover
[0.149s] Level 1:colcon.colcon_core.package_discovery:discover_packages(ignore) using defaults
[0.149s] Level 1:colcon.colcon_core.package_discovery:discover_packages(path) discover
[0.149s] Level 1:colcon.colcon_core.package_discovery:discover_packages(path) using defaults
[0.164s] Level 5:colcon.colcon_core.verb:set package 'website' build argument 'cmake_args' from command line to 'None'
[0.164s] Level 5:colcon.colcon_core.verb:set package 'website' build argument 'cmake_target' from command line to 'None'
[0.164s] Level 5:colcon.colcon_core.verb:set package 'website' build argument 'cmake_target_skip_unavailable' from command line to 'False'
[0.164s] Level 5:colcon.colcon_core.verb:set package 'website' build argument 'cmake_clean_cache' from command line to 'False'
[0.164s] Level 5:colcon.colcon_core.verb:set package 'website' build argument 'cmake_clean_first' from command line to 'False'
[0.164s] Level 5:colcon.colcon_core.verb:set package 'website' build argument 'cmake_force_configure' from command line to 'False'
[0.165s] Level 5:colcon.colcon_core.verb:set package 'website' build argument 'ament_cmake_args' from command line to 'None'
[0.165s] Level 5:colcon.colcon_core.verb:set package 'website' build argument 'catkin_cmake_args' from command line to 'None'
[0.165s] Level 5:colcon.colcon_core.verb:set package 'website' build argument 'catkin_skip_building_tests' from command line to 'False'
[0.165s] DEBUG:colcon.colcon_core.verb:Building package 'website' with the following arguments: {'ament_cmake_args': None, 'build_base': '/home/halgendy/Documents/programming/university/NULunabotics/Software/ROS2/src/website/build/website', 'catkin_cmake_args': None, 'catkin_skip_building_tests': False, 'cmake_args': None, 'cmake_clean_cache': False, 'cmake_clean_first': False, 'cmake_force_configure': False, 'cmake_target': None, 'cmake_target_skip_unavailable': False, 'install_base': '/home/halgendy/Documents/programming/university/NULunabotics/Software/ROS2/src/website/install/website', 'merge_install': False, 'path': '/home/halgendy/Documents/programming/university/NULunabotics/Software/ROS2/src/website', 'symlink_install': False, 'test_result_base': None}
[0.165s] INFO:colcon.colcon_core.executor:Executing jobs using 'parallel' executor
[0.166s] DEBUG:colcon.colcon_parallel_executor.executor.parallel:run_until_complete
[0.166s] INFO:colcon.colcon_ros.task.ament_cmake.build:Building ROS package in '/home/halgendy/Documents/programming/university/NULunabotics/Software/ROS2/src/website' with build type 'ament_cmake'
[0.166s] INFO:colcon.colcon_cmake.task.cmake.build:Building CMake package in '/home/halgendy/Documents/programming/university/NULunabotics/Software/ROS2/src/website'
[0.168s] INFO:colcon.colcon_core.plugin_system:Skipping extension 'colcon_core.shell.bat': Not used on non-Windows systems
[0.168s] INFO:colcon.colcon_core.shell:Skip shell extension 'powershell' for command environment: Not usable outside of PowerShell
[0.168s] DEBUG:colcon.colcon_core.shell:Skip shell extension 'dsv' for command environment
[0.175s] DEBUG:colcon.colcon_core.event_handler.log_command:Invoking command in '/home/halgendy/Documents/programming/university/NULunabotics/Software/ROS2/src/website/build/website': CMAKE_PREFIX_PATH=/opt/ros/jazzy /usr/bin/cmake /home/halgendy/Documents/programming/university/NULunabotics/Software/ROS2/src/website -DCMAKE_INSTALL_PREFIX=/home/halgendy/Documents/programming/university/NULunabotics/Software/ROS2/src/website/install/website
[4.004s] DEBUG:colcon.colcon_core.event_handler.log_command:Invoked command in '/home/halgendy/Documents/programming/university/NULunabotics/Software/ROS2/src/website/build/website' returned '0': CMAKE_PREFIX_PATH=/opt/ros/jazzy /usr/bin/cmake /home/halgendy/Documents/programming/university/NULunabotics/Software/ROS2/src/website -DCMAKE_INSTALL_PREFIX=/home/halgendy/Documents/programming/university/NULunabotics/Software/ROS2/src/website/install/website
[4.005s] DEBUG:colcon.colcon_core.event_handler.log_command:Invoking command in '/home/halgendy/Documents/programming/university/NULunabotics/Software/ROS2/src/website/build/website': CMAKE_PREFIX_PATH=/opt/ros/jazzy /usr/bin/cmake --build /home/halgendy/Documents/programming/university/NULunabotics/Software/ROS2/src/website/build/website -- -j16 -l16
[4.044s] DEBUG:colcon.colcon_core.event_handler.log_command:Invoked command in '/home/halgendy/Documents/programming/university/NULunabotics/Software/ROS2/src/website/build/website' returned '0': CMAKE_PREFIX_PATH=/opt/ros/jazzy /usr/bin/cmake --build /home/halgendy/Documents/programming/university/NULunabotics/Software/ROS2/src/website/build/website -- -j16 -l16
[4.054s] DEBUG:colcon.colcon_core.event_handler.log_command:Invoking command in '/home/halgendy/Documents/programming/university/NULunabotics/Software/ROS2/src/website/build/website': CMAKE_PREFIX_PATH=/opt/ros/jazzy /usr/bin/cmake --install /home/halgendy/Documents/programming/university/NULunabotics/Software/ROS2/src/website/build/website
[7.582s] Level 1:colcon.colcon_core.environment:create_environment_scripts_only(website)
[7.583s] DEBUG:colcon.colcon_core.event_handler.log_command:Invoked command in '/home/halgendy/Documents/programming/university/NULunabotics/Software/ROS2/src/website/build/website' returned '0': CMAKE_PREFIX_PATH=/opt/ros/jazzy /usr/bin/cmake --install /home/halgendy/Documents/programming/university/NULunabotics/Software/ROS2/src/website/build/website
[7.585s] Level 1:colcon.colcon_core.environment:checking '/home/halgendy/Documents/programming/university/NULunabotics/Software/ROS2/src/website/install/website' for CMake module files
[7.586s] Level 1:colcon.colcon_core.environment:checking '/home/halgendy/Documents/programming/university/NULunabotics/Software/ROS2/src/website/install/website' for CMake config files
[7.586s] Level 1:colcon.colcon_core.shell:create_environment_hook('website', 'cmake_prefix_path')
[7.586s] INFO:colcon.colcon_core.shell:Creating environment hook '/home/halgendy/Documents/programming/university/NULunabotics/Software/ROS2/src/website/install/website/share/website/hook/cmake_prefix_path.ps1'
[7.586s] INFO:colcon.colcon_core.shell:Creating environment descriptor '/home/halgendy/Documents/programming/university/NULunabotics/Software/ROS2/src/website/install/website/share/website/hook/cmake_prefix_path.dsv'
[7.587s] INFO:colcon.colcon_core.shell:Creating environment hook '/home/halgendy/Documents/programming/university/NULunabotics/Software/ROS2/src/website/install/website/share/website/hook/cmake_prefix_path.sh'
[7.588s] Level 1:colcon.colcon_core.environment:checking '/home/halgendy/Documents/programming/university/NULunabotics/Software/ROS2/src/website/install/website/bin'
[7.588s] Level 1:colcon.colcon_core.environment:checking '/home/halgendy/Documents/programming/university/NULunabotics/Software/ROS2/src/website/install/website/lib/pkgconfig/website.pc'
[7.590s] Level 1:colcon.colcon_core.environment:checking '/home/halgendy/Documents/programming/university/NULunabotics/Software/ROS2/src/website/install/website/lib/python3.12/site-packages'
[7.590s] Level 1:colcon.colcon_core.environment:checking '/home/halgendy/Documents/programming/university/NULunabotics/Software/ROS2/src/website/install/website/bin'
[7.590s] INFO:colcon.colcon_core.shell:Creating package script '/home/halgendy/Documents/programming/university/NULunabotics/Software/ROS2/src/website/install/website/share/website/package.ps1'
[7.590s] INFO:colcon.colcon_core.shell:Creating package descriptor '/home/halgendy/Documents/programming/university/NULunabotics/Software/ROS2/src/website/install/website/share/website/package.dsv'
[7.591s] INFO:colcon.colcon_core.shell:Creating package script '/home/halgendy/Documents/programming/university/NULunabotics/Software/ROS2/src/website/install/website/share/website/package.sh'
[7.591s] INFO:colcon.colcon_core.shell:Creating package script '/home/halgendy/Documents/programming/university/NULunabotics/Software/ROS2/src/website/install/website/share/website/package.bash'
[7.592s] INFO:colcon.colcon_core.shell:Creating package script '/home/halgendy/Documents/programming/university/NULunabotics/Software/ROS2/src/website/install/website/share/website/package.zsh'
[7.592s] Level 1:colcon.colcon_core.environment:create_file_with_runtime_dependencies(/home/halgendy/Documents/programming/university/NULunabotics/Software/ROS2/src/website/install/website/share/colcon-core/packages/website)
[7.593s] Level 1:colcon.colcon_core.environment:create_environment_scripts_only(website)
[7.593s] Level 1:colcon.colcon_core.environment:checking '/home/halgendy/Documents/programming/university/NULunabotics/Software/ROS2/src/website/install/website' for CMake module files
[7.593s] Level 1:colcon.colcon_core.environment:checking '/home/halgendy/Documents/programming/university/NULunabotics/Software/ROS2/src/website/install/website' for CMake config files
[7.593s] Level 1:colcon.colcon_core.shell:create_environment_hook('website', 'cmake_prefix_path')
[7.593s] INFO:colcon.colcon_core.shell:Creating environment hook '/home/halgendy/Documents/programming/university/NULunabotics/Software/ROS2/src/website/install/website/share/website/hook/cmake_prefix_path.ps1'
[7.594s] INFO:colcon.colcon_core.shell:Creating environment descriptor '/home/halgendy/Documents/programming/university/NULunabotics/Software/ROS2/src/website/install/website/share/website/hook/cmake_prefix_path.dsv'
[7.594s] INFO:colcon.colcon_core.shell:Creating environment hook '/home/halgendy/Documents/programming/university/NULunabotics/Software/ROS2/src/website/install/website/share/website/hook/cmake_prefix_path.sh'
[7.594s] Level 1:colcon.colcon_core.environment:checking '/home/halgendy/Documents/programming/university/NULunabotics/Software/ROS2/src/website/install/website/bin'
[7.594s] Level 1:colcon.colcon_core.environment:checking '/home/halgendy/Documents/programming/university/NULunabotics/Software/ROS2/src/website/install/website/lib/pkgconfig/website.pc'
[7.595s] Level 1:colcon.colcon_core.environment:checking '/home/halgendy/Documents/programming/university/NULunabotics/Software/ROS2/src/website/install/website/lib/python3.12/site-packages'
[7.595s] Level 1:colcon.colcon_core.environment:checking '/home/halgendy/Documents/programming/university/NULunabotics/Software/ROS2/src/website/install/website/bin'
[7.595s] INFO:colcon.colcon_core.shell:Creating package script '/home/halgendy/Documents/programming/university/NULunabotics/Software/ROS2/src/website/install/website/share/website/package.ps1'
[7.595s] INFO:colcon.colcon_core.shell:Creating package descriptor '/home/halgendy/Documents/programming/university/NULunabotics/Software/ROS2/src/website/install/website/share/website/package.dsv'
[7.605s] INFO:colcon.colcon_core.shell:Creating package script '/home/halgendy/Documents/programming/university/NULunabotics/Software/ROS2/src/website/install/website/share/website/package.sh'
[7.605s] INFO:colcon.colcon_core.shell:Creating package script '/home/halgendy/Documents/programming/university/NULunabotics/Software/ROS2/src/website/install/website/share/website/package.bash'
[7.606s] INFO:colcon.colcon_core.shell:Creating package script '/home/halgendy/Documents/programming/university/NULunabotics/Software/ROS2/src/website/install/website/share/website/package.zsh'
[7.606s] Level 1:colcon.colcon_core.environment:create_file_with_runtime_dependencies(/home/halgendy/Documents/programming/university/NULunabotics/Software/ROS2/src/website/install/website/share/colcon-core/packages/website)
[7.606s] DEBUG:colcon.colcon_parallel_executor.executor.parallel:closing loop
[7.607s] DEBUG:colcon.colcon_parallel_executor.executor.parallel:loop closed
[7.607s] DEBUG:colcon.colcon_parallel_executor.executor.parallel:run_until_complete finished with '0'
[7.607s] DEBUG:colcon.colcon_core.event_reactor:joining thread
[7.611s] INFO:colcon.colcon_core.plugin_system:Skipping extension 'colcon_notification.desktop_notification.notify_send': Could not find 'notify-send'
[7.611s] INFO:colcon.colcon_core.plugin_system:Skipping extension 'colcon_notification.desktop_notification.terminal_notifier': Not used on non-Darwin systems
[7.611s] INFO:colcon.colcon_core.plugin_system:Skipping extension 'colcon_notification.desktop_notification.win32': Not used on non-Windows systems
[7.611s] INFO:colcon.colcon_notification.desktop_notification:Sending desktop notification using 'notify2'
[7.611s] DEBUG:colcon.colcon_notification.desktop_notification.notify2:Failed to initialize notify2: org.freedesktop.DBus.Error.InvalidFileContent: D-Bus library appears to be incorrectly set up: see the manual page for dbus-uuidgen to correct this issue. (Failed to open "/var/lib/dbus/machine-id": No such file or directory; UUID file '/etc/machine-id' should contain a hex string of length 32, not length 0, with no other text)
[7.612s] DEBUG:colcon.colcon_core.event_reactor:joined thread
[7.612s] INFO:colcon.colcon_core.shell:Creating prefix script '/home/halgendy/Documents/programming/university/NULunabotics/Software/ROS2/src/website/install/local_setup.ps1'
[7.613s] INFO:colcon.colcon_core.shell:Creating prefix util module '/home/halgendy/Documents/programming/university/NULunabotics/Software/ROS2/src/website/install/_local_setup_util_ps1.py'
[7.614s] INFO:colcon.colcon_core.shell:Creating prefix chain script '/home/halgendy/Documents/programming/university/NULunabotics/Software/ROS2/src/website/install/setup.ps1'
[7.615s] INFO:colcon.colcon_core.shell:Creating prefix script '/home/halgendy/Documents/programming/university/NULunabotics/Software/ROS2/src/website/install/local_setup.sh'
[7.615s] INFO:colcon.colcon_core.shell:Creating prefix util module '/home/halgendy/Documents/programming/university/NULunabotics/Software/ROS2/src/website/install/_local_setup_util_sh.py'
[7.615s] INFO:colcon.colcon_core.shell:Creating prefix chain script '/home/halgendy/Documents/programming/university/NULunabotics/Software/ROS2/src/website/install/setup.sh'
[7.616s] INFO:colcon.colcon_core.shell:Creating prefix script '/home/halgendy/Documents/programming/university/NULunabotics/Software/ROS2/src/website/install/local_setup.bash'
[7.616s] INFO:colcon.colcon_core.shell:Creating prefix chain script '/home/halgendy/Documents/programming/university/NULunabotics/Software/ROS2/src/website/install/setup.bash'
[7.617s] INFO:colcon.colcon_core.shell:Creating prefix script '/home/halgendy/Documents/programming/university/NULunabotics/Software/ROS2/src/website/install/local_setup.zsh'
[7.617s] INFO:colcon.colcon_core.shell:Creating prefix chain script '/home/halgendy/Documents/programming/university/NULunabotics/Software/ROS2/src/website/install/setup.zsh'
