[0.093s] DEBUG:colcon:Command line arguments: ['/usr/bin/colcon', 'build', '--packages-select', 'navigation']
[0.093s] DEBUG:colcon:Parsed command line arguments: Namespace(log_base=None, log_level=None, verb_name='build', build_base='build', install_base='install', merge_install=False, symlink_install=False, test_result_base=None, continue_on_error=False, executor='parallel', parallel_workers=16, event_handlers=None, ignore_user_meta=False, metas=['./colcon.meta'], base_paths=['.'], packages_ignore=None, packages_ignore_regex=None, paths=None, packages_up_to=None, packages_up_to_regex=None, packages_above=None, packages_above_and_dependencies=None, packages_above_depth=None, packages_select_by_dep=None, packages_skip_by_dep=None, packages_skip_up_to=None, packages_select_build_failed=False, packages_skip_build_finished=False, packages_select_test_failures=False, packages_skip_test_passed=False, packages_select=['navigation'], packages_skip=None, packages_select_regex=None, packages_skip_regex=None, packages_start=None, packages_end=None, cmake_args=None, cmake_target=None, cmake_target_skip_unavailable=False, cmake_clean_cache=False, cmake_clean_first=False, cmake_force_configure=False, ament_cmake_args=None, catkin_cmake_args=None, catkin_skip_building_tests=False, mixin_files=None, mixin=None, verb_parser=<colcon_mixin.mixin.mixin_argument.MixinArgumentDecorator object at 0x797ddb5c0f50>, verb_extension=<colcon_core.verb.build.BuildVerb object at 0x797ddb5c0c80>, main=<bound method BuildVerb.main of <colcon_core.verb.build.BuildVerb object at 0x797ddb5c0c80>>, mixin_verb=('build',))
[0.145s] Level 1:colcon.colcon_core.package_discovery:discover_packages(colcon_meta) check parameters
[0.145s] Level 1:colcon.colcon_core.package_discovery:discover_packages(recursive) check parameters
[0.145s] Level 1:colcon.colcon_core.package_discovery:discover_packages(ignore) check parameters
[0.145s] Level 1:colcon.colcon_core.package_discovery:discover_packages(path) check parameters
[0.145s] Level 1:colcon.colcon_core.package_discovery:discover_packages(colcon_meta) discover
[0.145s] Level 1:colcon.colcon_core.package_discovery:discover_packages(recursive) discover
[0.146s] INFO:colcon.colcon_core.package_discovery:Crawling recursively for packages in '/home/halgendy/Documents/programming/university/NULunabotics/Software/ROS2/src/website'
[0.146s] Level 1:colcon.colcon_core.package_identification:_identify(.) by extensions ['ignore', 'ignore_ament_install']
[0.146s] Level 1:colcon.colcon_core.package_identification:_identify(.) by extension 'ignore'
[0.146s] Level 1:colcon.colcon_core.package_identification:_identify(.) by extension 'ignore_ament_install'
[0.146s] Level 1:colcon.colcon_core.package_identification:_identify(.) by extensions ['colcon_pkg']
[0.146s] Level 1:colcon.colcon_core.package_identification:_identify(.) by extension 'colcon_pkg'
[0.146s] Level 1:colcon.colcon_core.package_identification:_identify(.) by extensions ['colcon_meta']
[0.146s] Level 1:colcon.colcon_core.package_identification:_identify(.) by extension 'colcon_meta'
[0.146s] Level 1:colcon.colcon_core.package_identification:_identify(.) by extensions ['ros']
[0.146s] Level 1:colcon.colcon_core.package_identification:_identify(.) by extension 'ros'
[0.176s] DEBUG:colcon.colcon_core.package_identification:Package '.' with type 'ros.ament_cmake' and name 'website'
[0.176s] Level 1:colcon.colcon_core.package_discovery:discover_packages(recursive) using defaults
[0.176s] Level 1:colcon.colcon_core.package_discovery:discover_packages(ignore) discover
[0.176s] Level 1:colcon.colcon_core.package_discovery:discover_packages(ignore) using defaults
[0.176s] Level 1:colcon.colcon_core.package_discovery:discover_packages(path) discover
[0.176s] Level 1:colcon.colcon_core.package_discovery:discover_packages(path) using defaults
[0.176s] WARNING:colcon.colcon_core.package_selection:ignoring unknown package 'navigation' in --packages-select
[0.193s] INFO:colcon.colcon_core.package_selection:Skipping not selected package 'website' in '.'
[0.193s] INFO:colcon.colcon_core.executor:Executing jobs using 'parallel' executor
[0.194s] DEBUG:colcon.colcon_parallel_executor.executor.parallel:run_until_complete
[0.194s] DEBUG:colcon.colcon_parallel_executor.executor.parallel:closing loop
[0.194s] DEBUG:colcon.colcon_parallel_executor.executor.parallel:loop closed
[0.194s] DEBUG:colcon.colcon_parallel_executor.executor.parallel:run_until_complete finished with '0'
[0.195s] DEBUG:colcon.colcon_core.event_reactor:joining thread
[0.199s] INFO:colcon.colcon_core.plugin_system:Skipping extension 'colcon_notification.desktop_notification.notify_send': Could not find 'notify-send'
[0.199s] INFO:colcon.colcon_core.plugin_system:Skipping extension 'colcon_notification.desktop_notification.terminal_notifier': Not used on non-Darwin systems
[0.199s] INFO:colcon.colcon_core.plugin_system:Skipping extension 'colcon_notification.desktop_notification.win32': Not used on non-Windows systems
[0.199s] INFO:colcon.colcon_notification.desktop_notification:Sending desktop notification using 'notify2'
[0.199s] DEBUG:colcon.colcon_notification.desktop_notification.notify2:Failed to initialize notify2: org.freedesktop.DBus.Error.InvalidFileContent: D-Bus library appears to be incorrectly set up: see the manual page for dbus-uuidgen to correct this issue. (Failed to open "/var/lib/dbus/machine-id": No such file or directory; UUID file '/etc/machine-id' should contain a hex string of length 32, not length 0, with no other text)
[0.199s] DEBUG:colcon.colcon_core.event_reactor:joined thread
[0.201s] INFO:colcon.colcon_core.plugin_system:Skipping extension 'colcon_core.shell.bat': Not used on non-Windows systems
[0.201s] INFO:colcon.colcon_core.shell:Creating prefix script '/home/halgendy/Documents/programming/university/NULunabotics/Software/ROS2/src/website/install/local_setup.ps1'
[0.202s] INFO:colcon.colcon_core.shell:Creating prefix util module '/home/halgendy/Documents/programming/university/NULunabotics/Software/ROS2/src/website/install/_local_setup_util_ps1.py'
[0.202s] INFO:colcon.colcon_core.shell:Creating prefix chain script '/home/halgendy/Documents/programming/university/NULunabotics/Software/ROS2/src/website/install/setup.ps1'
[0.204s] INFO:colcon.colcon_core.shell:Creating prefix script '/home/halgendy/Documents/programming/university/NULunabotics/Software/ROS2/src/website/install/local_setup.sh'
[0.204s] INFO:colcon.colcon_core.shell:Creating prefix util module '/home/halgendy/Documents/programming/university/NULunabotics/Software/ROS2/src/website/install/_local_setup_util_sh.py'
[0.204s] INFO:colcon.colcon_core.shell:Creating prefix chain script '/home/halgendy/Documents/programming/university/NULunabotics/Software/ROS2/src/website/install/setup.sh'
[0.205s] INFO:colcon.colcon_core.shell:Creating prefix script '/home/halgendy/Documents/programming/university/NULunabotics/Software/ROS2/src/website/install/local_setup.bash'
[0.205s] INFO:colcon.colcon_core.shell:Creating prefix chain script '/home/halgendy/Documents/programming/university/NULunabotics/Software/ROS2/src/website/install/setup.bash'
[0.206s] INFO:colcon.colcon_core.shell:Creating prefix script '/home/halgendy/Documents/programming/university/NULunabotics/Software/ROS2/src/website/install/local_setup.zsh'
[0.206s] INFO:colcon.colcon_core.shell:Creating prefix chain script '/home/halgendy/Documents/programming/university/NULunabotics/Software/ROS2/src/website/install/setup.zsh'
